amd-ucode
base
bluez-utils
boost
check
cifs-utils
discord
discord-canary
dragon-drop
dunst
efibootmgr
fastfetch
firefox
g4music-git
gamemode
heroic-games-launcher-git
hypridle-git
hyprpaper-git
hyprpolkitagent-git
hyprswitch
icaclient
kate
lib32-gamemode
lib32-libnm
lib32-libxslt
lib32-mangohud
lib32-mpg123
lib32-openal
libcdio
libebur128
libgpod
libmygpo-qt5
mangojuice
nano
network-manager-applet
nvidia-dkms
oh-my-zsh-git
ouch
pamixer
pavucontrol
picard
protonup-git
qt6-tools
qt6-virtualkeyboard
rofi-games
sddm-theme-mountain-git
smartmontools
socat
steam
stow
sunshine
system-config-printer
teams-for-linux
ufw
umu-launcher
waybar
wget
winetricks
wireless_tools
wlogout
xorg-server-xvfb
xorg-xinit
xwaylandvideobridge
yay
zed-git
zram-generator
zsh-syntax-highlighting
zsh-theme-powerlevel10k
